c:\work\c++\iot-cpp-2025\day02\day02\x64\debug\vc143.pdb
c:\work\c++\iot-cpp-2025\day02\day02\x64\debug\vc143.idb
c:\work\c++\iot-cpp-2025\day02\day02\x64\debug\문자열처리하기.obj
c:\work\c++\iot-cpp-2025\day02\day02\x64\debug\myclass3.obj
c:\work\c++\iot-cpp-2025\day02\day02\x64\debug\myclass2.obj
c:\work\c++\iot-cpp-2025\day02\day02\x64\debug\myclass.obj
c:\work\c++\iot-cpp-2025\day02\day02\x64\debug\class3.obj
c:\work\c++\iot-cpp-2025\day02\day02\x64\debug\class2.obj
c:\work\c++\iot-cpp-2025\day02\day02\x64\debug\class.obj
c:\work\c++\iot-cpp-2025\day02\x64\debug\day02.exe
c:\work\c++\iot-cpp-2025\day02\x64\debug\day02.pdb
c:\work\c++\iot-cpp-2025\day02\day02\x64\debug\day02.ilk
c:\work\c++\iot-cpp-2025\day02\day02\x64\debug\day02.tlog\cl.command.1.tlog
c:\work\c++\iot-cpp-2025\day02\day02\x64\debug\day02.tlog\cl.items.tlog
c:\work\c++\iot-cpp-2025\day02\day02\x64\debug\day02.tlog\cl.read.1.tlog
c:\work\c++\iot-cpp-2025\day02\day02\x64\debug\day02.tlog\cl.write.1.tlog
c:\work\c++\iot-cpp-2025\day02\day02\x64\debug\day02.tlog\link.command.1.tlog
c:\work\c++\iot-cpp-2025\day02\day02\x64\debug\day02.tlog\link.read.1.tlog
c:\work\c++\iot-cpp-2025\day02\day02\x64\debug\day02.tlog\link.secondary.1.tlog
c:\work\c++\iot-cpp-2025\day02\day02\x64\debug\day02.tlog\link.write.1.tlog
